2025-07-31 03:39:47.503 [INFO ] Logger initialized. Log file: ./logs/gateway_20250731.log
2025-07-31 03:39:47.503 [INFO ] Logger initialized from config. Log file: ./logs/gateway_20250731.log
2025-07-31 03:39:47.503 [INFO ] Gateway service starting...
2025-07-31 03:39:54.178 [INFO ] RequestID: 72fee0558056734f942c5d6239517ebc | Method: 1 | URL: /api/user/1
2025-07-31 03:39:54.179 [INFO ] RequestID: 72fee0558056734f942c5d6239517ebc | Headers:
2025-07-31 03:39:54.179 [INFO ]   Connection: keep-alive
2025-07-31 03:39:54.179 [INFO ]   Accept-Encoding: gzip, deflate, br
2025-07-31 03:39:54.179 [INFO ]   Host: 192.168.58.130:18080
2025-07-31 03:39:54.179 [INFO ]   Accept: */*
2025-07-31 03:39:54.179 [INFO ]   User-Agent: Apifox/1.0.0 (https://apifox.com)
2025-07-31 03:39:54.179 [INFO ] RequestID: 72fee0558056734f942c5d6239517ebc | 开始处理请求
2025-07-31 03:39:54.179 [INFO ] 运行a处
2025-07-31 03:39:54.213 [INFO ] 用户服务上线: /services/user_service/192.168.58.130:50051 -> {"host":"192.168.58.130","port":50051}
2025-07-31 04:18:48.417 [INFO ] Logger initialized. Log file: ./logs/gateway_20250731.log
2025-07-31 04:18:48.418 [INFO ] Logger initialized from config. Log file: ./logs/gateway_20250731.log
2025-07-31 04:18:48.418 [INFO ] Gateway service starting...
2025-07-31 04:18:58.926 [INFO ] RequestID: 2cc6430abb079e51eebe1568723e8708 | Method: 1 | URL: /api/user/1
2025-07-31 04:18:58.926 [INFO ] RequestID: 2cc6430abb079e51eebe1568723e8708 | Headers:
2025-07-31 04:18:58.926 [INFO ]   Connection: keep-alive
2025-07-31 04:18:58.926 [INFO ]   Accept-Encoding: gzip, deflate, br
2025-07-31 04:18:58.926 [INFO ]   Host: 192.168.58.130:18080
2025-07-31 04:18:58.926 [INFO ]   Accept: */*
2025-07-31 04:18:58.926 [INFO ]   User-Agent: Apifox/1.0.0 (https://apifox.com)
2025-07-31 04:18:58.926 [INFO ] RequestID: 2cc6430abb079e51eebe1568723e8708 | 开始处理请求
2025-07-31 04:18:58.927 [INFO ] ApiService 初始化开始
2025-07-31 04:18:58.927 [INFO ] RequestID: 2cc6430abb079e51eebe1568723e8708 | Processing user info request for user_id: 1
2025-07-31 04:18:58.927 [WARN ] RequestID: 2cc6430abb079e51eebe1568723e8708 | User service not available, using mock data
2025-07-31 04:18:58.927 [INFO ] RequestID: 2cc6430abb079e51eebe1568723e8708 | Method: 1 | URL: /api/user/1 | 处理完成，耗时: 0ms
2025-07-31 04:18:58.927 [INFO ] RequestID: 2cc6430abb079e51eebe1568723e8708 | Response Status: 200
2025-07-31 04:18:59.358 [INFO ] 收到服务上线事件: /services/user_service/192.168.58.130:50051
2025-07-31 04:18:59.358 [INFO ] 用户服务上线: /services/user_service/192.168.58.130:50051 -> {"host":"192.168.58.130","port":50051}
2025-07-31 04:19:53.103 [INFO ] Logger shutting down
2025-07-31 04:20:23.098 [INFO ] Logger initialized. Log file: ./logs/gateway_20250731.log
2025-07-31 04:20:23.098 [INFO ] Logger initialized from config. Log file: ./logs/gateway_20250731.log
2025-07-31 04:20:23.098 [INFO ] Gateway service starting...
2025-07-31 04:21:47.528 [INFO ] Logger shutting down
2025-07-31 04:22:50.122 [INFO ] Logger initialized. Log file: ./logs/gateway_20250731.log
2025-07-31 04:22:50.122 [INFO ] Logger initialized from config. Log file: ./logs/gateway_20250731.log
2025-07-31 04:22:50.122 [INFO ] Gateway service starting...
2025-07-31 04:22:55.245 [INFO ] RequestID: 15e9055787d539a9e2a485ba9877a659 | Method: 1 | URL: /api/user/1
2025-07-31 04:22:55.245 [INFO ] RequestID: 15e9055787d539a9e2a485ba9877a659 | Headers:
2025-07-31 04:22:55.245 [INFO ]   Connection: keep-alive
2025-07-31 04:22:55.245 [INFO ]   Accept-Encoding: gzip, deflate, br
2025-07-31 04:22:55.245 [INFO ]   Host: 192.168.58.130:18080
2025-07-31 04:22:55.245 [INFO ]   Accept: */*
2025-07-31 04:22:55.245 [INFO ]   User-Agent: Apifox/1.0.0 (https://apifox.com)
2025-07-31 04:22:55.245 [INFO ] RequestID: 15e9055787d539a9e2a485ba9877a659 | 开始处理请求
2025-07-31 04:22:55.245 [INFO ] ApiService 初始化开始
2025-07-31 04:22:55.246 [INFO ] RequestID: 15e9055787d539a9e2a485ba9877a659 | Processing user info request for user_id: 1
2025-07-31 04:22:55.246 [WARN ] RequestID: 15e9055787d539a9e2a485ba9877a659 | User service not available, using mock data
2025-07-31 04:22:55.246 [INFO ] RequestID: 15e9055787d539a9e2a485ba9877a659 | Method: 1 | URL: /api/user/1 | 处理完成，耗时: 0ms
2025-07-31 04:22:55.246 [INFO ] RequestID: 15e9055787d539a9e2a485ba9877a659 | Response Status: 200
2025-07-31 04:22:55.255 [INFO ] 收到服务上线事件: /services/user_service/192.168.58.130:50051
2025-07-31 04:22:55.255 [INFO ] 用户服务上线: /services/user_service/192.168.58.130:50051 -> {"host":"192.168.58.130","port":50051}
2025-07-31 04:23:33.458 [INFO ] RequestID: b233b8e225aa50ec4932de2e7b034c27 | Method: 1 | URL: /api/user/1
2025-07-31 04:23:33.459 [INFO ] RequestID: b233b8e225aa50ec4932de2e7b034c27 | Headers:
2025-07-31 04:23:33.459 [INFO ]   Connection: keep-alive
2025-07-31 04:23:33.459 [INFO ]   Accept-Encoding: gzip, deflate, br
2025-07-31 04:23:33.459 [INFO ]   Host: 192.168.58.130:18080
2025-07-31 04:23:33.459 [INFO ]   Accept: */*
2025-07-31 04:23:33.459 [INFO ]   User-Agent: Apifox/1.0.0 (https://apifox.com)
2025-07-31 04:23:33.459 [INFO ] RequestID: b233b8e225aa50ec4932de2e7b034c27 | 开始处理请求
2025-07-31 04:23:33.459 [INFO ] RequestID: b233b8e225aa50ec4932de2e7b034c27 | Processing user info request for user_id: 1
2025-07-31 04:23:33.459 [WARN ] RequestID: b233b8e225aa50ec4932de2e7b034c27 | User service not available, using mock data
2025-07-31 04:23:33.459 [INFO ] RequestID: b233b8e225aa50ec4932de2e7b034c27 | Method: 1 | URL: /api/user/1 | 处理完成，耗时: 0ms
2025-07-31 04:23:33.459 [INFO ] RequestID: b233b8e225aa50ec4932de2e7b034c27 | Response Status: 200
2025-07-31 04:27:49.312 [INFO ] RequestID: 5c2be491604b80d82d3931ca2d066359 | Method: 1 | URL: /api/user/1
2025-07-31 04:27:49.313 [INFO ] RequestID: 5c2be491604b80d82d3931ca2d066359 | Headers:
2025-07-31 04:27:49.313 [INFO ]   Connection: keep-alive
2025-07-31 04:27:49.313 [INFO ]   Accept-Encoding: gzip, deflate, br
2025-07-31 04:27:49.313 [INFO ]   Host: 192.168.58.130:18080
2025-07-31 04:27:49.313 [INFO ]   Accept: */*
2025-07-31 04:27:49.313 [INFO ]   User-Agent: Apifox/1.0.0 (https://apifox.com)
2025-07-31 04:27:49.313 [INFO ] RequestID: 5c2be491604b80d82d3931ca2d066359 | 开始处理请求
2025-07-31 04:27:49.313 [INFO ] RequestID: 5c2be491604b80d82d3931ca2d066359 | Processing user info request for user_id: 1
2025-07-31 04:27:49.313 [WARN ] RequestID: 5c2be491604b80d82d3931ca2d066359 | User service not available, using mock data
2025-07-31 04:27:49.313 [INFO ] RequestID: 5c2be491604b80d82d3931ca2d066359 | Method: 1 | URL: /api/user/1 | 处理完成，耗时: 0ms
2025-07-31 04:27:49.313 [INFO ] RequestID: 5c2be491604b80d82d3931ca2d066359 | Response Status: 200
2025-07-31 04:28:08.358 [INFO ] RequestID: 2f6f180f8a0f8f68102ded207188d211 | Method: 1 | URL: /api/user/1
2025-07-31 04:28:08.358 [INFO ] RequestID: 2f6f180f8a0f8f68102ded207188d211 | Headers:
2025-07-31 04:28:08.358 [INFO ]   Connection: keep-alive
2025-07-31 04:28:08.359 [INFO ]   Accept-Encoding: gzip, deflate, br
2025-07-31 04:28:08.359 [INFO ]   Host: 192.168.58.130:18080
2025-07-31 04:28:08.359 [INFO ]   Accept: */*
2025-07-31 04:28:08.359 [INFO ]   User-Agent: Apifox/1.0.0 (https://apifox.com)
2025-07-31 04:28:08.359 [INFO ] RequestID: 2f6f180f8a0f8f68102ded207188d211 | 开始处理请求
2025-07-31 04:28:08.359 [INFO ] RequestID: 2f6f180f8a0f8f68102ded207188d211 | Processing user info request for user_id: 1
2025-07-31 04:28:08.359 [WARN ] RequestID: 2f6f180f8a0f8f68102ded207188d211 | User service not available, using mock data
2025-07-31 04:28:08.359 [INFO ] RequestID: 2f6f180f8a0f8f68102ded207188d211 | Method: 1 | URL: /api/user/1 | 处理完成，耗时: 0ms
2025-07-31 04:28:08.359 [INFO ] RequestID: 2f6f180f8a0f8f68102ded207188d211 | Response Status: 200
2025-07-31 04:28:16.596 [INFO ] RequestID: fed46f5e4f9edee0578148e2df0c2077 | Method: 1 | URL: /api/user/1
2025-07-31 04:28:16.596 [INFO ] RequestID: fed46f5e4f9edee0578148e2df0c2077 | Headers:
2025-07-31 04:28:16.596 [INFO ]   Connection: keep-alive
2025-07-31 04:28:16.596 [INFO ]   Accept-Encoding: gzip, deflate, br
2025-07-31 04:28:16.596 [INFO ]   Host: 192.168.58.130:18080
2025-07-31 04:28:16.597 [INFO ]   Accept: */*
2025-07-31 04:28:16.597 [INFO ]   User-Agent: Apifox/1.0.0 (https://apifox.com)
2025-07-31 04:28:16.597 [INFO ] RequestID: fed46f5e4f9edee0578148e2df0c2077 | 开始处理请求
2025-07-31 04:28:16.597 [INFO ] RequestID: fed46f5e4f9edee0578148e2df0c2077 | Processing user info request for user_id: 1
2025-07-31 04:28:16.597 [WARN ] RequestID: fed46f5e4f9edee0578148e2df0c2077 | User service not available, using mock data
2025-07-31 04:28:16.597 [INFO ] RequestID: fed46f5e4f9edee0578148e2df0c2077 | Method: 1 | URL: /api/user/1 | 处理完成，耗时: 0ms
2025-07-31 04:28:16.597 [INFO ] RequestID: fed46f5e4f9edee0578148e2df0c2077 | Response Status: 200
2025-07-31 04:35:21.925 [INFO ] Logger shutting down
2025-07-31 04:35:46.352 [INFO ] Logger initialized. Log file: ./logs/gateway_20250731.log
2025-07-31 04:35:46.352 [INFO ] Logger initialized from config. Log file: ./logs/gateway_20250731.log
2025-07-31 04:35:46.352 [INFO ] Gateway service starting...
2025-07-31 04:35:49.739 [INFO ] RequestID: b5f7e5360e320ccb767df6f1a15c19dc | Method: 1 | URL: /api/user/1
2025-07-31 04:35:49.739 [INFO ] RequestID: b5f7e5360e320ccb767df6f1a15c19dc | Headers:
2025-07-31 04:35:49.739 [INFO ]   Connection: keep-alive
2025-07-31 04:35:49.739 [INFO ]   Accept-Encoding: gzip, deflate, br
2025-07-31 04:35:49.739 [INFO ]   Host: 192.168.58.130:18080
2025-07-31 04:35:49.739 [INFO ]   Accept: */*
2025-07-31 04:35:49.739 [INFO ]   User-Agent: Apifox/1.0.0 (https://apifox.com)
2025-07-31 04:35:49.739 [INFO ] RequestID: b5f7e5360e320ccb767df6f1a15c19dc | 开始处理请求
2025-07-31 04:35:49.775 [INFO ] 用户服务连接成功
2025-07-31 04:35:49.775 [INFO ] RequestID: b5f7e5360e320ccb767df6f1a15c19dc | Processing user info request for user_id: 1
2025-07-31 04:35:49.781 [INFO ] RequestID: b5f7e5360e320ccb767df6f1a15c19dc | User info retrieved from user service successfully
2025-07-31 04:35:49.781 [INFO ] RequestID: b5f7e5360e320ccb767df6f1a15c19dc | Method: 1 | URL: /api/user/1 | 处理完成，耗时: 42ms
2025-07-31 04:35:49.781 [INFO ] RequestID: b5f7e5360e320ccb767df6f1a15c19dc | Response Status: 200
2025-07-31 04:40:14.475 [INFO ] Logger shutting down
2025-07-31 04:53:04.823 [INFO ] Logger initialized. Log file: ./logs/gateway_20250731.log
2025-07-31 04:53:04.823 [INFO ] Logger initialized from config. Log file: ./logs/gateway_20250731.log
2025-07-31 04:53:04.823 [INFO ] Gateway service starting...
2025-07-31 04:53:10.367 [INFO ] RequestID: 3240273541c2234080f7b56043f0f343 | Method: 1 | URL: /api/user/1
2025-07-31 04:53:10.367 [INFO ] RequestID: 3240273541c2234080f7b56043f0f343 | Headers:
2025-07-31 04:53:10.367 [INFO ]   Connection: keep-alive
2025-07-31 04:53:10.367 [INFO ]   Accept-Encoding: gzip, deflate, br
2025-07-31 04:53:10.367 [INFO ]   Host: 192.168.58.130:18080
2025-07-31 04:53:10.368 [INFO ]   Accept: */*
2025-07-31 04:53:10.368 [INFO ]   User-Agent: Apifox/1.0.0 (https://apifox.com)
2025-07-31 04:53:10.368 [INFO ] RequestID: 3240273541c2234080f7b56043f0f343 | 开始处理请求
2025-07-31 04:53:10.368 [INFO ] ApiService 初始化开始
2025-07-31 04:53:10.368 [INFO ] RequestID: 3240273541c2234080f7b56043f0f343 | Processing user info request for user_id: 1
2025-07-31 04:53:10.368 [WARN ] RequestID: 3240273541c2234080f7b56043f0f343 | 服务发现初始化失败，使用模拟数据
2025-07-31 04:53:10.368 [WARN ] RequestID: 3240273541c2234080f7b56043f0f343 | User service not available, using mock data
2025-07-31 04:53:10.368 [INFO ] RequestID: 3240273541c2234080f7b56043f0f343 | Method: 1 | URL: /api/user/1 | 处理完成，耗时: 0ms
2025-07-31 04:53:10.368 [INFO ] RequestID: 3240273541c2234080f7b56043f0f343 | Response Status: 200
2025-07-31 04:53:10.375 [INFO ] 收到服务上线事件: /services/user_service/192.168.58.130:50051
2025-07-31 04:53:10.375 [INFO ] 用户服务上线: /services/user_service/192.168.58.130:50051 -> {"host":"192.168.58.130","port":50051}
2025-07-31 04:59:08.636 [INFO ] Logger shutting down
2025-07-31 04:59:43.187 [INFO ] Logger initialized. Log file: ./logs/gateway_20250731.log
2025-07-31 04:59:43.187 [INFO ] Logger initialized from config. Log file: ./logs/gateway_20250731.log
2025-07-31 04:59:43.187 [INFO ] Gateway service starting...
2025-07-31 04:59:43.187 [INFO ] 手动触发ApiService初始化（开始服务发现）...
2025-07-31 04:59:43.187 [INFO ] ApiService 初始化开始
2025-07-31 04:59:43.187 [INFO ] 等待10秒，让服务发现完成...
2025-07-31 04:59:43.195 [INFO ] 收到服务上线事件: /services/user_service/192.168.58.130:50051
2025-07-31 04:59:43.195 [INFO ] 用户服务上线: /services/user_service/192.168.58.130:50051 -> {"host":"192.168.58.130","port":50051}
2025-07-31 05:01:09.409 [INFO ] RequestID: 46ac1f57430b154b8c862ab49a52c755 | Method: 1 | URL: /api/user/1
2025-07-31 05:01:09.410 [INFO ] RequestID: 46ac1f57430b154b8c862ab49a52c755 | Headers:
2025-07-31 05:01:09.410 [INFO ]   Connection: keep-alive
2025-07-31 05:01:09.410 [INFO ]   Accept-Encoding: gzip, deflate, br
2025-07-31 05:01:09.410 [INFO ]   Host: 192.168.58.130:18080
2025-07-31 05:01:09.410 [INFO ]   Accept: */*
2025-07-31 05:01:09.410 [INFO ]   User-Agent: Apifox/1.0.0 (https://apifox.com)
2025-07-31 05:01:09.410 [INFO ] RequestID: 46ac1f57430b154b8c862ab49a52c755 | 开始处理请求
2025-07-31 05:01:09.410 [INFO ] RequestID: 46ac1f57430b154b8c862ab49a52c755 | Processing user info request for user_id: 1
2025-07-31 05:01:32.754 [INFO ] RequestID: 51ac803f43a247e522fc1cd24694d923 | Method: 1 | URL: /api/user/1
2025-07-31 05:01:32.754 [INFO ] RequestID: 51ac803f43a247e522fc1cd24694d923 | Headers:
2025-07-31 05:01:32.754 [INFO ]   Connection: keep-alive
2025-07-31 05:01:32.754 [INFO ]   Accept-Encoding: gzip, deflate, br
2025-07-31 05:01:32.754 [INFO ]   Host: 192.168.58.130:18080
2025-07-31 05:01:32.754 [INFO ]   Accept: */*
2025-07-31 05:01:32.754 [INFO ]   User-Agent: Apifox/1.0.0 (https://apifox.com)
2025-07-31 05:01:32.754 [INFO ] RequestID: 51ac803f43a247e522fc1cd24694d923 | 开始处理请求
2025-07-31 05:01:32.754 [INFO ] RequestID: 51ac803f43a247e522fc1cd24694d923 | Processing user info request for user_id: 1
2025-07-31 05:05:21.580 [INFO ] Logger initialized. Log file: ./logs/gateway_20250731.log
2025-07-31 05:05:21.580 [INFO ] Logger initialized from config. Log file: ./logs/gateway_20250731.log
2025-07-31 05:05:21.580 [INFO ] Gateway service starting...
2025-07-31 05:05:21.580 [INFO ] 手动触发ApiService初始化（开始服务发现）...
2025-07-31 05:05:21.580 [INFO ] ApiService 初始化开始
2025-07-31 05:05:21.580 [INFO ] 等待10秒，让服务发现完成...
2025-07-31 05:05:21.588 [INFO ] 收到服务上线事件: /services/user_service/192.168.58.130:50051
2025-07-31 05:05:21.588 [INFO ] 用户服务上线: /services/user_service/192.168.58.130:50051 -> {"host":"192.168.58.130","port":50051}
2025-07-31 05:08:13.059 [INFO ] Logger shutting down
2025-07-31 05:11:51.277 [INFO ] Logger initialized. Log file: ./logs/gateway_20250731.log
2025-07-31 05:11:51.277 [INFO ] Logger initialized from config. Log file: ./logs/gateway_20250731.log
2025-07-31 05:11:51.277 [INFO ] Gateway service starting...
2025-07-31 05:11:51.277 [INFO ] 手动触发ApiService初始化（开始服务发现）...
2025-07-31 05:11:51.277 [INFO ] ApiService 初始化开始
2025-07-31 05:11:51.277 [INFO ] 等待10秒，让服务发现完成...
2025-07-31 05:11:51.283 [INFO ] 收到服务上线事件: /services/user_service/192.168.58.130:50051
2025-07-31 05:11:51.284 [INFO ] 用户服务上线: /services/user_service/192.168.58.130:50051 -> {"host":"192.168.58.130","port":50051}
2025-07-31 05:13:43.716 [INFO ] Logger shutting down
2025-07-31 05:14:26.611 [INFO ] Logger initialized. Log file: ./logs/gateway_20250731.log
2025-07-31 05:14:26.611 [INFO ] Logger initialized from config. Log file: ./logs/gateway_20250731.log
2025-07-31 05:14:26.611 [INFO ] Gateway service starting...
2025-07-31 05:14:26.611 [INFO ] 手动触发ApiService初始化（开始服务发现）...
2025-07-31 05:14:26.611 [INFO ] ApiService 初始化开始
2025-07-31 05:14:26.611 [INFO ] 等待10秒，让服务发现完成...
2025-07-31 05:14:26.617 [INFO ] 收到服务上线事件: /services/user_service/192.168.58.130:50051
2025-07-31 05:14:26.617 [INFO ] 用户服务上线: /services/user_service/192.168.58.130:50051 -> {"host":"192.168.58.130","port":50051}
2025-07-31 05:15:35.775 [INFO ] Logger shutting down
2025-07-31 05:18:54.062 [INFO ] Logger initialized. Log file: ./logs/gateway_20250731.log
2025-07-31 05:18:54.062 [INFO ] Logger initialized from config. Log file: ./logs/gateway_20250731.log
2025-07-31 05:18:54.062 [INFO ] Gateway service starting...
2025-07-31 05:18:54.062 [INFO ] 手动触发ApiService初始化（开始服务发现）...
2025-07-31 05:18:54.062 [INFO ] ApiService 初始化开始
2025-07-31 05:18:54.063 [INFO ] 等待10秒，让服务发现完成...
2025-07-31 05:18:54.071 [INFO ] 收到服务上线事件: /services/user_service/192.168.58.130:50051
2025-07-31 05:18:54.071 [INFO ] 用户服务上线: /services/user_service/192.168.58.130:50051 -> {"host":"192.168.58.130","port":50051}
2025-07-31 05:22:53.707 [INFO ] Logger shutting down
2025-07-31 05:23:23.343 [INFO ] Logger initialized. Log file: ./logs/gateway_20250731.log
2025-07-31 05:23:23.343 [INFO ] Logger initialized from config. Log file: ./logs/gateway_20250731.log
2025-07-31 05:23:23.343 [INFO ] Gateway service starting...
2025-07-31 05:23:23.343 [INFO ] 手动触发ApiService初始化（开始服务发现）...
2025-07-31 05:23:23.343 [INFO ] ApiService 初始化开始
2025-07-31 05:23:23.343 [INFO ] 等待10秒，让服务发现完成...
2025-07-31 05:23:23.352 [WARN ] 未找到可用的用户服务
2025-07-31 05:23:36.792 [INFO ] RequestID: f7f2a69ea86ef4df6db9376e8c4077f5 | Method: 1 | URL: /api/user/1
2025-07-31 05:23:36.793 [INFO ] RequestID: f7f2a69ea86ef4df6db9376e8c4077f5 | Headers:
2025-07-31 05:23:36.793 [INFO ]   Connection: keep-alive
2025-07-31 05:23:36.793 [INFO ]   Accept-Encoding: gzip, deflate, br
2025-07-31 05:23:36.793 [INFO ]   Host: 192.168.58.130:18080
2025-07-31 05:23:36.793 [INFO ]   Accept: */*
2025-07-31 05:23:36.793 [INFO ]   User-Agent: Apifox/1.0.0 (https://apifox.com)
2025-07-31 05:23:36.793 [INFO ] RequestID: f7f2a69ea86ef4df6db9376e8c4077f5 | 开始处理请求
2025-07-31 05:23:36.793 [INFO ] RequestID: f7f2a69ea86ef4df6db9376e8c4077f5 | Processing user info request for user_id: 1
2025-07-31 05:23:36.793 [WARN ] RequestID: f7f2a69ea86ef4df6db9376e8c4077f5 | 服务发现初始化失败，使用模拟数据
2025-07-31 05:23:36.793 [WARN ] RequestID: f7f2a69ea86ef4df6db9376e8c4077f5 | User service not available, using mock data
2025-07-31 05:23:36.793 [INFO ] RequestID: f7f2a69ea86ef4df6db9376e8c4077f5 | Method: 1 | URL: /api/user/1 | 处理完成，耗时: 0ms
2025-07-31 05:23:36.793 [INFO ] RequestID: f7f2a69ea86ef4df6db9376e8c4077f5 | Response Status: 200
2025-07-31 05:23:42.380 [INFO ] RequestID: 582d42b3f1611ab5364d6d4b439eb07f | Method: 1 | URL: /api/user/1
2025-07-31 05:23:42.380 [INFO ] RequestID: 582d42b3f1611ab5364d6d4b439eb07f | Headers:
2025-07-31 05:23:42.380 [INFO ]   Connection: keep-alive
2025-07-31 05:23:42.380 [INFO ]   Accept-Encoding: gzip, deflate, br
2025-07-31 05:23:42.382 [INFO ]   Host: 192.168.58.130:18080
2025-07-31 05:23:42.382 [INFO ]   Accept: */*
2025-07-31 05:23:42.382 [INFO ]   User-Agent: Apifox/1.0.0 (https://apifox.com)
2025-07-31 05:23:42.382 [INFO ] RequestID: 582d42b3f1611ab5364d6d4b439eb07f | 开始处理请求
2025-07-31 05:23:42.382 [INFO ] RequestID: 582d42b3f1611ab5364d6d4b439eb07f | Processing user info request for user_id: 1
2025-07-31 05:23:42.382 [WARN ] RequestID: 582d42b3f1611ab5364d6d4b439eb07f | 服务发现初始化失败，使用模拟数据
2025-07-31 05:23:42.382 [WARN ] RequestID: 582d42b3f1611ab5364d6d4b439eb07f | User service not available, using mock data
2025-07-31 05:23:42.382 [INFO ] RequestID: 582d42b3f1611ab5364d6d4b439eb07f | Method: 1 | URL: /api/user/1 | 处理完成，耗时: 2ms
2025-07-31 05:23:42.382 [INFO ] RequestID: 582d42b3f1611ab5364d6d4b439eb07f | Response Status: 200
2025-07-31 05:24:22.573 [INFO ] RequestID: 6a0c69aac6ee2249ee16945e5c811929 | Method: 1 | URL: /api/user/1
2025-07-31 05:24:22.573 [INFO ] RequestID: 6a0c69aac6ee2249ee16945e5c811929 | Headers:
2025-07-31 05:24:22.573 [INFO ]   Connection: keep-alive
2025-07-31 05:24:22.573 [INFO ]   Accept-Encoding: gzip, deflate, br
2025-07-31 05:24:22.573 [INFO ]   Host: 192.168.58.130:18080
2025-07-31 05:24:22.573 [INFO ]   Accept: */*
2025-07-31 05:24:22.573 [INFO ]   User-Agent: Apifox/1.0.0 (https://apifox.com)
2025-07-31 05:24:22.573 [INFO ] RequestID: 6a0c69aac6ee2249ee16945e5c811929 | 开始处理请求
2025-07-31 05:24:22.573 [INFO ] RequestID: 6a0c69aac6ee2249ee16945e5c811929 | Processing user info request for user_id: 1
2025-07-31 05:24:22.573 [WARN ] RequestID: 6a0c69aac6ee2249ee16945e5c811929 | 服务发现初始化失败，使用模拟数据
2025-07-31 05:24:22.573 [WARN ] RequestID: 6a0c69aac6ee2249ee16945e5c811929 | User service not available, using mock data
2025-07-31 05:24:22.573 [INFO ] RequestID: 6a0c69aac6ee2249ee16945e5c811929 | Method: 1 | URL: /api/user/1 | 处理完成，耗时: 0ms
2025-07-31 05:24:22.573 [INFO ] RequestID: 6a0c69aac6ee2249ee16945e5c811929 | Response Status: 200
2025-07-31 05:24:50.612 [INFO ] Logger shutting down
2025-07-31 05:25:00.035 [INFO ] Logger initialized. Log file: ./logs/gateway_20250731.log
2025-07-31 05:25:00.035 [INFO ] Logger initialized from config. Log file: ./logs/gateway_20250731.log
2025-07-31 05:25:00.035 [INFO ] Gateway service starting...
2025-07-31 05:25:00.035 [INFO ] 手动触发ApiService初始化（开始服务发现）...
2025-07-31 05:25:00.035 [INFO ] ApiService 初始化开始
2025-07-31 05:25:00.035 [INFO ] 等待10秒，让服务发现完成...
2025-07-31 05:25:00.043 [WARN ] 未找到可用的用户服务
2025-07-31 05:27:22.486 [INFO ] Logger shutting down
2025-07-31 05:27:45.236 [INFO ] Logger initialized. Log file: ./logs/gateway_20250731.log
2025-07-31 05:27:45.237 [INFO ] Logger initialized from config. Log file: ./logs/gateway_20250731.log
2025-07-31 05:27:45.237 [INFO ] Gateway service starting...
2025-07-31 05:27:45.237 [INFO ] 手动触发ApiService初始化（开始服务发现）...
2025-07-31 05:27:45.237 [INFO ] ApiService 初始化开始
2025-07-31 05:27:45.237 [INFO ] 等待10秒，让服务发现完成...
2025-07-31 05:27:45.245 [WARN ] 未找到可用的用户服务
2025-07-31 05:27:59.779 [INFO ] RequestID: faf405102eb606ff5454f9566ac0fef9 | Method: 1 | URL: /api/user/1
2025-07-31 05:27:59.779 [INFO ] RequestID: faf405102eb606ff5454f9566ac0fef9 | Headers:
2025-07-31 05:27:59.779 [INFO ]   Connection: keep-alive
2025-07-31 05:27:59.779 [INFO ]   Accept-Encoding: gzip, deflate, br
2025-07-31 05:27:59.779 [INFO ]   Host: 192.168.58.130:18080
2025-07-31 05:27:59.779 [INFO ]   Accept: */*
2025-07-31 05:27:59.779 [INFO ]   User-Agent: Apifox/1.0.0 (https://apifox.com)
2025-07-31 05:27:59.779 [INFO ] RequestID: faf405102eb606ff5454f9566ac0fef9 | 开始处理请求
2025-07-31 05:27:59.779 [INFO ] RequestID: faf405102eb606ff5454f9566ac0fef9 | Processing user info request for user_id: 1
2025-07-31 05:27:59.779 [WARN ] RequestID: faf405102eb606ff5454f9566ac0fef9 | 服务发现初始化失败，使用模拟数据
2025-07-31 05:27:59.779 [WARN ] RequestID: faf405102eb606ff5454f9566ac0fef9 | User service not available, using mock data
2025-07-31 05:27:59.780 [INFO ] RequestID: faf405102eb606ff5454f9566ac0fef9 | Method: 1 | URL: /api/user/1 | 处理完成，耗时: 0ms
2025-07-31 05:27:59.780 [INFO ] RequestID: faf405102eb606ff5454f9566ac0fef9 | Response Status: 200
2025-07-31 05:28:03.908 [INFO ] RequestID: c212046eff30596950243acb22711297 | Method: 1 | URL: /api/user/1
2025-07-31 05:28:03.908 [INFO ] RequestID: c212046eff30596950243acb22711297 | Headers:
2025-07-31 05:28:03.908 [INFO ]   Connection: keep-alive
2025-07-31 05:28:03.908 [INFO ]   Accept-Encoding: gzip, deflate, br
2025-07-31 05:28:03.908 [INFO ]   Host: 192.168.58.130:18080
2025-07-31 05:28:03.908 [INFO ]   Accept: */*
2025-07-31 05:28:03.909 [INFO ]   User-Agent: Apifox/1.0.0 (https://apifox.com)
2025-07-31 05:28:03.909 [INFO ] RequestID: c212046eff30596950243acb22711297 | 开始处理请求
2025-07-31 05:28:03.909 [INFO ] RequestID: c212046eff30596950243acb22711297 | Processing user info request for user_id: 1
2025-07-31 05:28:03.909 [WARN ] RequestID: c212046eff30596950243acb22711297 | 服务发现初始化失败，使用模拟数据
2025-07-31 05:28:03.909 [WARN ] RequestID: c212046eff30596950243acb22711297 | User service not available, using mock data
2025-07-31 05:28:03.909 [INFO ] RequestID: c212046eff30596950243acb22711297 | Method: 1 | URL: /api/user/1 | 处理完成，耗时: 0ms
2025-07-31 05:28:03.909 [INFO ] RequestID: c212046eff30596950243acb22711297 | Response Status: 200
2025-07-31 05:29:02.381 [INFO ] Logger shutting down
2025-07-31 05:29:27.865 [INFO ] Logger initialized. Log file: ./logs/gateway_20250731.log
2025-07-31 05:29:27.865 [INFO ] Logger initialized from config. Log file: ./logs/gateway_20250731.log
2025-07-31 05:29:27.865 [INFO ] Gateway service starting...
2025-07-31 05:29:27.865 [INFO ] 手动触发ApiService初始化（开始服务发现）...
2025-07-31 05:29:27.865 [INFO ] ApiService 初始化开始
2025-07-31 05:29:27.865 [INFO ] 等待10秒，让服务发现完成...
2025-07-31 05:29:27.876 [WARN ] 未找到可用的用户服务
2025-07-31 05:51:55.129 [INFO ] Logger shutting down
2025-07-31 05:54:32.773 [INFO ] Logger initialized. Log file: ./logs/gateway_20250731.log
2025-07-31 05:54:32.773 [INFO ] Logger initialized from config. Log file: ./logs/gateway_20250731.log
2025-07-31 05:54:32.773 [INFO ] Gateway service starting...
2025-07-31 05:54:32.773 [INFO ] 手动触发ApiService初始化（开始服务发现）...
2025-07-31 05:54:32.773 [INFO ] ApiService 初始化开始
2025-07-31 05:54:32.773 [INFO ] 等待10秒，让服务发现完成...
2025-07-31 05:54:32.779 [INFO ] 收到服务上线事件: /services/user_service/192.168.58.130:50051
2025-07-31 05:54:32.779 [INFO ] 用户服务上线: /services/user_service/192.168.58.130:50051 -> {"host":"192.168.58.130","port":50051}
2025-07-31 05:57:16.624 [INFO ] Logger shutting down
2025-07-31 05:59:01.650 [INFO ] Logger initialized. Log file: ./logs/gateway_20250731.log
2025-07-31 05:59:01.650 [INFO ] Logger initialized from config. Log file: ./logs/gateway_20250731.log
2025-07-31 05:59:01.650 [INFO ] Gateway service starting...
2025-07-31 05:59:01.650 [INFO ] 手动触发ApiService初始化（开始服务发现）...
2025-07-31 05:59:01.650 [INFO ] ApiService 初始化开始
2025-07-31 05:59:01.650 [INFO ] 等待10秒，让服务发现完成...
2025-07-31 05:59:01.674 [INFO ] 收到服务上线事件: /services/user_service/192.168.58.130:50051
2025-07-31 05:59:01.674 [INFO ] 用户服务上线: /services/user_service/192.168.58.130:50051 -> {"host":"192.168.58.130","port":50051}
2025-07-31 06:00:19.973 [INFO ] Logger shutting down
2025-07-31 06:02:06.167 [INFO ] Logger initialized. Log file: ./logs/gateway_20250731.log
2025-07-31 06:02:06.168 [INFO ] Logger initialized from config. Log file: ./logs/gateway_20250731.log
2025-07-31 06:02:06.168 [INFO ] Gateway service starting...
2025-07-31 06:02:06.168 [INFO ] 手动触发ApiService初始化（开始服务发现）...
2025-07-31 06:02:06.168 [INFO ] ApiService 初始化开始
2025-07-31 06:02:06.168 [INFO ] 等待10秒，让服务发现完成...
2025-07-31 06:02:06.179 [WARN ] 未找到可用的用户服务
2025-07-31 06:02:21.147 [INFO ] Logger shutting down
2025-07-31 06:03:45.093 [INFO ] Logger initialized. Log file: ./logs/gateway_20250731.log
2025-07-31 06:03:45.093 [INFO ] Logger initialized from config. Log file: ./logs/gateway_20250731.log
2025-07-31 06:03:45.093 [INFO ] Gateway service starting...
2025-07-31 06:03:45.093 [INFO ] 手动触发ApiService初始化（开始服务发现）...
2025-07-31 06:03:45.093 [INFO ] ApiService 初始化开始
2025-07-31 06:03:45.093 [INFO ] 等待10秒，让服务发现完成...
2025-07-31 06:03:45.100 [INFO ] 收到服务上线事件: /services/user_service/192.168.58.130:50051
2025-07-31 06:03:45.100 [INFO ] 用户服务上线: /services/user_service/192.168.58.130:50051 -> {"host":"192.168.58.130","port":50051}
2025-07-31 06:04:57.843 [INFO ] Logger shutting down
2025-07-31 06:05:23.831 [INFO ] Logger initialized. Log file: ./logs/gateway_20250731.log
2025-07-31 06:05:23.831 [INFO ] Logger initialized from config. Log file: ./logs/gateway_20250731.log
2025-07-31 06:05:23.831 [INFO ] Gateway service starting...
2025-07-31 06:05:23.831 [INFO ] 手动触发ApiService初始化（开始服务发现）...
2025-07-31 06:05:23.831 [INFO ] ApiService 初始化开始
2025-07-31 06:05:23.831 [INFO ] 等待10秒，让服务发现完成...
2025-07-31 06:05:49.885 [INFO ] RequestID: d356ddf222998358bb2354657444ebed | Method: 1 | URL: /api/user/1
2025-07-31 06:05:49.885 [INFO ] RequestID: d356ddf222998358bb2354657444ebed | Headers:
2025-07-31 06:05:49.885 [INFO ]   Connection: keep-alive
2025-07-31 06:05:49.885 [INFO ]   Accept-Encoding: gzip, deflate, br
2025-07-31 06:05:49.885 [INFO ]   Host: 192.168.58.130:18080
2025-07-31 06:05:49.885 [INFO ]   Accept: */*
2025-07-31 06:05:49.885 [INFO ]   User-Agent: Apifox/1.0.0 (https://apifox.com)
2025-07-31 06:05:49.885 [INFO ] RequestID: d356ddf222998358bb2354657444ebed | 开始处理请求
2025-07-31 06:05:49.886 [INFO ] RequestID: d356ddf222998358bb2354657444ebed | Processing user info request for user_id: 1
2025-07-31 06:08:46.238 [INFO ] Logger initialized. Log file: ./logs/gateway_20250731.log
2025-07-31 06:08:46.239 [INFO ] Logger initialized from config. Log file: ./logs/gateway_20250731.log
2025-07-31 06:08:46.239 [INFO ] Gateway service starting...
2025-07-31 06:08:46.239 [INFO ] 手动触发ApiService初始化（开始服务发现）...
2025-07-31 06:08:46.239 [INFO ] ApiService 初始化开始
2025-07-31 06:08:46.239 [INFO ] 等待10秒，让服务发现完成...
2025-07-31 06:45:45.789 [INFO ] Logger shutting down
2025-07-31 06:46:38.569 [INFO ] Logger initialized. Log file: ./logs/gateway_20250731.log
2025-07-31 06:46:38.569 [INFO ] Logger initialized from config. Log file: ./logs/gateway_20250731.log
2025-07-31 06:46:38.569 [INFO ] Gateway service starting...
2025-07-31 06:46:38.569 [INFO ] 手动触发ApiService初始化（开始服务发现）...
2025-07-31 06:46:38.569 [INFO ] ApiService 初始化开始
2025-07-31 06:46:38.569 [INFO ] 等待10秒，让服务发现完成...
2025-07-31 06:46:38.579 [INFO ] 收到服务上线事件: /services/user_service/192.168.58.130:50051
2025-07-31 06:46:38.579 [INFO ] 用户服务上线: /services/user_service/192.168.58.130:50051 -> {"host":"192.168.58.130","port":50051}
2025-07-31 06:47:19.824 [INFO ] RequestID: d2255b51f8e516ce8b998dc77c284a01 | Method: 1 | URL: /api/user/1
2025-07-31 06:47:19.824 [INFO ] RequestID: d2255b51f8e516ce8b998dc77c284a01 | Headers:
2025-07-31 06:47:19.824 [INFO ]   Connection: keep-alive
2025-07-31 06:47:19.824 [INFO ]   Accept-Encoding: gzip, deflate, br
2025-07-31 06:47:19.824 [INFO ]   Host: 192.168.58.130:18080
2025-07-31 06:47:19.824 [INFO ]   Accept: */*
2025-07-31 06:47:19.824 [INFO ]   User-Agent: Apifox/1.0.0 (https://apifox.com)
2025-07-31 06:47:19.824 [INFO ] RequestID: d2255b51f8e516ce8b998dc77c284a01 | 开始处理请求
2025-07-31 06:47:19.824 [INFO ] RequestID: d2255b51f8e516ce8b998dc77c284a01 | Processing user info request for user_id: 1
2025-07-31 06:50:54.037 [INFO ] Logger initialized. Log file: ./logs/gateway_20250731.log
2025-07-31 06:50:54.037 [INFO ] Logger initialized from config. Log file: ./logs/gateway_20250731.log
2025-07-31 06:50:54.037 [INFO ] Gateway service starting...
2025-07-31 06:50:54.037 [INFO ] 手动触发ApiService初始化（开始服务发现）...
2025-07-31 06:50:54.037 [INFO ] ApiService 初始化开始
2025-07-31 06:50:54.038 [INFO ] 等待10秒，让服务发现完成...
2025-07-31 06:50:54.136 [INFO ] 收到服务上线事件: /services/user_service/192.168.58.130:50051
2025-07-31 06:50:54.136 [INFO ] 用户服务上线: /services/user_service/192.168.58.130:50051 -> {"host":"192.168.58.130","port":50051}
2025-07-31 06:53:19.788 [INFO ] Logger shutting down
2025-07-31 06:53:51.477 [INFO ] Logger initialized. Log file: ./logs/gateway_20250731.log
2025-07-31 06:53:51.477 [INFO ] Logger initialized from config. Log file: ./logs/gateway_20250731.log
2025-07-31 06:53:51.477 [INFO ] Gateway service starting...
2025-07-31 06:53:51.477 [INFO ] 手动触发ApiService初始化（开始服务发现）...
2025-07-31 06:53:51.477 [INFO ] ApiService 初始化开始
2025-07-31 06:53:51.477 [INFO ] 等待10秒，让服务发现完成...
2025-07-31 06:53:51.488 [INFO ] 收到服务上线事件: /services/user_service/192.168.58.130:50051
2025-07-31 06:53:51.488 [INFO ] 用户服务上线: /services/user_service/192.168.58.130:50051 -> {"host":"192.168.58.130","port":50051}
2025-07-31 06:54:58.502 [INFO ] Logger shutting down
2025-07-31 06:55:04.359 [INFO ] Logger initialized. Log file: ./logs/gateway_20250731.log
2025-07-31 06:55:04.359 [INFO ] Logger initialized from config. Log file: ./logs/gateway_20250731.log
2025-07-31 06:55:04.359 [INFO ] Gateway service starting...
2025-07-31 06:55:04.359 [INFO ] 手动触发ApiService初始化（开始服务发现）...
2025-07-31 06:55:04.359 [INFO ] ApiService 初始化开始
2025-07-31 06:55:04.359 [INFO ] 等待10秒，让服务发现完成...
2025-07-31 06:55:04.367 [INFO ] 收到服务上线事件: /services/user_service/192.168.58.130:50051
2025-07-31 06:55:04.367 [INFO ] 用户服务上线: /services/user_service/192.168.58.130:50051 -> {"host":"192.168.58.130","port":50051}
2025-07-31 06:56:05.276 [INFO ] Logger initialized. Log file: ./logs/gateway_20250731.log
2025-07-31 06:56:05.276 [INFO ] Logger initialized from config. Log file: ./logs/gateway_20250731.log
2025-07-31 06:56:05.276 [INFO ] Gateway service starting...
2025-07-31 06:56:05.276 [INFO ] 手动触发ApiService初始化（开始服务发现）...
2025-07-31 06:56:05.276 [INFO ] ApiService 初始化开始
2025-07-31 06:56:05.276 [INFO ] 等待10秒，让服务发现完成...
2025-07-31 06:56:05.288 [WARN ] 未找到可用的用户服务
2025-07-31 06:56:15.088 [INFO ] Logger initialized. Log file: ./logs/gateway_20250731.log
2025-07-31 06:56:15.089 [INFO ] Logger initialized from config. Log file: ./logs/gateway_20250731.log
2025-07-31 06:56:15.089 [INFO ] Gateway service starting...
2025-07-31 06:56:15.089 [INFO ] 手动触发ApiService初始化（开始服务发现）...
2025-07-31 06:56:15.089 [INFO ] ApiService 初始化开始
2025-07-31 06:56:15.089 [INFO ] 等待10秒，让服务发现完成...
2025-07-31 06:56:15.096 [INFO ] 收到服务上线事件: /services/user_service/192.168.58.130:50051
2025-07-31 06:56:15.096 [INFO ] 用户服务上线: /services/user_service/192.168.58.130:50051 -> {"host":"192.168.58.130","port":50051}
2025-07-31 07:04:28.005 [INFO ] Logger shutting down
2025-07-31 07:04:54.299 [INFO ] Logger initialized. Log file: ./logs/gateway_20250731.log
2025-07-31 07:04:54.299 [INFO ] Logger initialized from config. Log file: ./logs/gateway_20250731.log
2025-07-31 07:04:54.299 [INFO ] Gateway service starting...
2025-07-31 07:04:54.299 [INFO ] 手动触发ApiService初始化（开始服务发现）...
2025-07-31 07:04:54.299 [INFO ] ApiService 初始化开始
2025-07-31 07:04:54.299 [INFO ] 等待10秒，让服务发现完成...
2025-07-31 07:04:54.308 [INFO ] 收到服务上线事件: /services/user_service/192.168.58.130:50051
2025-07-31 07:04:54.308 [INFO ] 用户服务上线: /services/user_service/192.168.58.130:50051 -> {"host":"192.168.58.130","port":50051}
2025-07-31 07:05:34.919 [INFO ] Logger shutting down
2025-07-31 07:06:04.577 [INFO ] Logger initialized. Log file: ./logs/gateway_20250731.log
2025-07-31 07:06:04.577 [INFO ] Logger initialized from config. Log file: ./logs/gateway_20250731.log
2025-07-31 07:06:04.577 [INFO ] Gateway service starting...
2025-07-31 07:06:04.577 [INFO ] 手动触发ApiService初始化（开始服务发现）...
2025-07-31 07:06:04.577 [INFO ] ApiService 初始化开始
2025-07-31 07:06:04.577 [INFO ] 等待10秒，让服务发现完成...
2025-07-31 07:06:04.584 [INFO ] 收到服务上线事件: /services/user_service/192.168.58.130:50051
2025-07-31 07:06:04.584 [INFO ] 用户服务上线: /services/user_service/192.168.58.130:50051 -> {"host":"192.168.58.130","port":50051}
2025-07-31 07:06:55.616 [INFO ] Logger shutting down
2025-07-31 07:07:28.610 [INFO ] Logger initialized. Log file: ./logs/gateway_20250731.log
2025-07-31 07:07:28.610 [INFO ] Logger initialized from config. Log file: ./logs/gateway_20250731.log
2025-07-31 07:07:28.610 [INFO ] Gateway service starting...
2025-07-31 07:07:28.610 [INFO ] 手动触发ApiService初始化（开始服务发现）...
2025-07-31 07:07:28.610 [INFO ] ApiService 初始化开始
2025-07-31 07:07:28.611 [INFO ] 等待10秒，让服务发现完成...
2025-07-31 07:07:28.624 [INFO ] 收到服务上线事件: /services/user_service/192.168.58.130:50051
2025-07-31 07:07:28.624 [INFO ] 用户服务上线: /services/user_service/192.168.58.130:50051 -> {"host":"192.168.58.130","port":50051}
2025-07-31 07:07:28.625 [INFO ] 服务发现初始化成功，可用服务数: 1
2025-07-31 07:07:41.553 [INFO ] RequestID: b858ec7eb47e278e03a07055f77020a5 | Method: 1 | URL: /api/user/1
2025-07-31 07:07:41.553 [INFO ] RequestID: b858ec7eb47e278e03a07055f77020a5 | Headers:
2025-07-31 07:07:41.553 [INFO ]   Connection: keep-alive
2025-07-31 07:07:41.553 [INFO ]   Accept-Encoding: gzip, deflate, br
2025-07-31 07:07:41.553 [INFO ]   Host: 192.168.58.130:18080
2025-07-31 07:07:41.553 [INFO ]   Accept: */*
2025-07-31 07:07:41.553 [INFO ]   User-Agent: Apifox/1.0.0 (https://apifox.com)
2025-07-31 07:07:41.553 [INFO ] RequestID: b858ec7eb47e278e03a07055f77020a5 | 开始处理请求
2025-07-31 07:07:41.553 [INFO ] RequestID: b858ec7eb47e278e03a07055f77020a5 | Processing user info request for user_id: 1
2025-07-31 07:07:41.561 [INFO ] RequestID: b858ec7eb47e278e03a07055f77020a5 | User info retrieved from user service successfully
2025-07-31 07:07:41.562 [INFO ] RequestID: b858ec7eb47e278e03a07055f77020a5 | Method: 1 | URL: /api/user/1 | 处理完成，耗时: 9ms
2025-07-31 07:07:41.562 [INFO ] RequestID: b858ec7eb47e278e03a07055f77020a5 | Response Status: 200
2025-07-31 07:08:08.019 [INFO ] Logger shutting down
2025-07-31 07:09:05.501 [INFO ] Logger initialized. Log file: ./logs/gateway_20250731.log
2025-07-31 07:09:05.501 [INFO ] Logger initialized from config. Log file: ./logs/gateway_20250731.log
2025-07-31 07:09:05.501 [INFO ] Gateway service starting...
2025-07-31 07:09:11.126 [INFO ] RequestID: 16221b8684fd248ab453767e48c0f166 | Method: 1 | URL: /api/user/1
2025-07-31 07:09:11.126 [INFO ] RequestID: 16221b8684fd248ab453767e48c0f166 | Headers:
2025-07-31 07:09:11.127 [INFO ]   Connection: keep-alive
2025-07-31 07:09:11.127 [INFO ]   Accept-Encoding: gzip, deflate, br
2025-07-31 07:09:11.127 [INFO ]   Host: 192.168.58.130:18080
2025-07-31 07:09:11.127 [INFO ]   Accept: */*
2025-07-31 07:09:11.127 [INFO ]   User-Agent: Apifox/1.0.0 (https://apifox.com)
2025-07-31 07:09:11.127 [INFO ] RequestID: 16221b8684fd248ab453767e48c0f166 | 开始处理请求
2025-07-31 07:09:11.127 [INFO ] ApiService 初始化开始
2025-07-31 07:09:11.127 [INFO ] RequestID: 16221b8684fd248ab453767e48c0f166 | Processing user info request for user_id: 1
2025-07-31 07:09:11.127 [WARN ] RequestID: 16221b8684fd248ab453767e48c0f166 | 服务发现初始化失败，使用模拟数据
2025-07-31 07:09:11.127 [WARN ] RequestID: 16221b8684fd248ab453767e48c0f166 | User service not available, using mock data
2025-07-31 07:09:11.127 [INFO ] RequestID: 16221b8684fd248ab453767e48c0f166 | Method: 1 | URL: /api/user/1 | 处理完成，耗时: 0ms
2025-07-31 07:09:11.127 [INFO ] RequestID: 16221b8684fd248ab453767e48c0f166 | Response Status: 200
2025-07-31 07:09:11.135 [INFO ] 收到服务上线事件: /services/user_service/192.168.58.130:50051
2025-07-31 07:09:11.135 [INFO ] 用户服务上线: /services/user_service/192.168.58.130:50051 -> {"host":"192.168.58.130","port":50051}
2025-07-31 07:09:11.135 [INFO ] 服务发现初始化成功，可用服务数: 1
2025-07-31 07:09:22.571 [INFO ] RequestID: ac390d8bb69e0d4b9cb4dfe2e87e4ec8 | Method: 1 | URL: /api/user/1
2025-07-31 07:09:22.571 [INFO ] RequestID: ac390d8bb69e0d4b9cb4dfe2e87e4ec8 | Headers:
2025-07-31 07:09:22.571 [INFO ]   Connection: keep-alive
2025-07-31 07:09:22.571 [INFO ]   Accept-Encoding: gzip, deflate, br
2025-07-31 07:09:22.571 [INFO ]   Host: 192.168.58.130:18080
2025-07-31 07:09:22.571 [INFO ]   Accept: */*
2025-07-31 07:09:22.571 [INFO ]   User-Agent: Apifox/1.0.0 (https://apifox.com)
2025-07-31 07:09:22.571 [INFO ] RequestID: ac390d8bb69e0d4b9cb4dfe2e87e4ec8 | 开始处理请求
2025-07-31 07:09:22.571 [INFO ] RequestID: ac390d8bb69e0d4b9cb4dfe2e87e4ec8 | Processing user info request for user_id: 1
2025-07-31 07:09:22.573 [INFO ] RequestID: ac390d8bb69e0d4b9cb4dfe2e87e4ec8 | User info retrieved from user service successfully
2025-07-31 07:09:22.573 [INFO ] RequestID: ac390d8bb69e0d4b9cb4dfe2e87e4ec8 | Method: 1 | URL: /api/user/1 | 处理完成，耗时: 2ms
2025-07-31 07:09:22.573 [INFO ] RequestID: ac390d8bb69e0d4b9cb4dfe2e87e4ec8 | Response Status: 200
2025-07-31 07:10:52.672 [INFO ] Logger shutting down
2025-07-31 07:10:59.897 [INFO ] Logger initialized. Log file: ./logs/gateway_20250731.log
2025-07-31 07:10:59.897 [INFO ] Logger initialized from config. Log file: ./logs/gateway_20250731.log
2025-07-31 07:10:59.897 [INFO ] Gateway service starting...
2025-07-31 07:11:08.479 [INFO ] RequestID: 615ad8b72d4675eeb76215e48a58b399 | Method: 1 | URL: /api/user/1
2025-07-31 07:11:08.479 [INFO ] RequestID: 615ad8b72d4675eeb76215e48a58b399 | Headers:
2025-07-31 07:11:08.479 [INFO ]   Connection: keep-alive
2025-07-31 07:11:08.479 [INFO ]   Accept-Encoding: gzip, deflate, br
2025-07-31 07:11:08.479 [INFO ]   Host: 192.168.58.130:18080
2025-07-31 07:11:08.479 [INFO ]   Accept: */*
2025-07-31 07:11:08.479 [INFO ]   User-Agent: Apifox/1.0.0 (https://apifox.com)
2025-07-31 07:11:08.479 [INFO ] RequestID: 615ad8b72d4675eeb76215e48a58b399 | 开始处理请求
2025-07-31 07:11:08.479 [INFO ] ApiService 初始化开始
2025-07-31 07:11:08.479 [INFO ] RequestID: 615ad8b72d4675eeb76215e48a58b399 | Processing user info request for user_id: 1
2025-07-31 07:11:08.479 [WARN ] RequestID: 615ad8b72d4675eeb76215e48a58b399 | 服务发现初始化失败，使用模拟数据
2025-07-31 07:11:08.479 [WARN ] RequestID: 615ad8b72d4675eeb76215e48a58b399 | User service not available, using mock data
2025-07-31 07:11:08.479 [INFO ] RequestID: 615ad8b72d4675eeb76215e48a58b399 | Method: 1 | URL: /api/user/1 | 处理完成，耗时: 0ms
2025-07-31 07:11:08.479 [INFO ] RequestID: 615ad8b72d4675eeb76215e48a58b399 | Response Status: 200
2025-07-31 07:11:08.568 [INFO ] 收到服务上线事件: /services/user_service/192.168.58.130:50051
2025-07-31 07:11:08.568 [INFO ] 用户服务上线: /services/user_service/192.168.58.130:50051 -> {"host":"192.168.58.130","port":50051}
2025-07-31 07:11:08.569 [INFO ] 服务发现初始化成功，可用服务数: 1
2025-07-31 07:11:12.759 [INFO ] RequestID: 68117b5f5f0d61a80f243f8c747e14db | Method: 1 | URL: /api/user/1
2025-07-31 07:11:12.759 [INFO ] RequestID: 68117b5f5f0d61a80f243f8c747e14db | Headers:
2025-07-31 07:11:12.759 [INFO ]   Connection: keep-alive
2025-07-31 07:11:12.759 [INFO ]   Accept-Encoding: gzip, deflate, br
2025-07-31 07:11:12.759 [INFO ]   Host: 192.168.58.130:18080
2025-07-31 07:11:12.760 [INFO ]   Accept: */*
2025-07-31 07:11:12.760 [INFO ]   User-Agent: Apifox/1.0.0 (https://apifox.com)
2025-07-31 07:11:12.760 [INFO ] RequestID: 68117b5f5f0d61a80f243f8c747e14db | 开始处理请求
2025-07-31 07:11:12.760 [INFO ] RequestID: 68117b5f5f0d61a80f243f8c747e14db | Processing user info request for user_id: 1
2025-07-31 07:11:12.763 [INFO ] RequestID: 68117b5f5f0d61a80f243f8c747e14db | User info retrieved from user service successfully
2025-07-31 07:11:12.763 [INFO ] RequestID: 68117b5f5f0d61a80f243f8c747e14db | Method: 1 | URL: /api/user/1 | 处理完成，耗时: 3ms
2025-07-31 07:11:12.763 [INFO ] RequestID: 68117b5f5f0d61a80f243f8c747e14db | Response Status: 200
2025-07-31 07:16:47.662 [INFO ] Logger shutting down
2025-07-31 07:22:43.600 [INFO ] Logger initialized. Log file: ./logs/gateway_20250731.log
2025-07-31 07:22:43.601 [INFO ] Logger initialized from config. Log file: ./logs/gateway_20250731.log
2025-07-31 07:22:43.601 [INFO ] Gateway service starting...
2025-07-31 07:22:47.942 [INFO ] RequestID: d4afda9d6169e71293ffa15a0cccb045 | Method: 1 | URL: /api/user/1
2025-07-31 07:22:47.942 [INFO ] RequestID: d4afda9d6169e71293ffa15a0cccb045 | Headers:
2025-07-31 07:22:47.942 [INFO ]   Connection: keep-alive
2025-07-31 07:22:47.942 [INFO ]   Accept-Encoding: gzip, deflate, br
2025-07-31 07:22:47.942 [INFO ]   Host: 192.168.58.130:18080
2025-07-31 07:22:47.942 [INFO ]   Accept: */*
2025-07-31 07:22:47.943 [INFO ]   User-Agent: Apifox/1.0.0 (https://apifox.com)
2025-07-31 07:22:47.943 [INFO ] RequestID: d4afda9d6169e71293ffa15a0cccb045 | 开始处理请求
2025-07-31 07:22:47.943 [INFO ] ApiService 初始化开始
2025-07-31 07:22:47.943 [INFO ] RequestID: d4afda9d6169e71293ffa15a0cccb045 | Processing user info request for user_id: 1
2025-07-31 07:22:47.943 [WARN ] RequestID: d4afda9d6169e71293ffa15a0cccb045 | 服务发现初始化失败，使用模拟数据
2025-07-31 07:22:47.943 [WARN ] RequestID: d4afda9d6169e71293ffa15a0cccb045 | User service not available, using mock data
2025-07-31 07:22:47.943 [INFO ] RequestID: d4afda9d6169e71293ffa15a0cccb045 | Method: 1 | URL: /api/user/1 | 处理完成，耗时: 0ms
2025-07-31 07:22:47.943 [INFO ] RequestID: d4afda9d6169e71293ffa15a0cccb045 | Response Status: 200
2025-07-31 07:22:47.951 [INFO ] 收到服务上线事件: /services/user_service/192.168.58.130:50051
2025-07-31 07:22:47.951 [INFO ] 用户服务上线: /services/user_service/192.168.58.130:50051 -> {"host":"192.168.58.130","port":50051}
2025-07-31 07:22:47.952 [INFO ] 服务发现初始化成功，可用服务数: 1
2025-07-31 07:22:51.912 [INFO ] RequestID: b3f59284d552c610d147eb999068bed8 | Method: 1 | URL: /api/user/1
2025-07-31 07:22:51.912 [INFO ] RequestID: b3f59284d552c610d147eb999068bed8 | Headers:
2025-07-31 07:22:51.912 [INFO ]   Connection: keep-alive
2025-07-31 07:22:51.912 [INFO ]   Accept-Encoding: gzip, deflate, br
2025-07-31 07:22:51.912 [INFO ]   Host: 192.168.58.130:18080
2025-07-31 07:22:51.912 [INFO ]   Accept: */*
2025-07-31 07:22:51.912 [INFO ]   User-Agent: Apifox/1.0.0 (https://apifox.com)
2025-07-31 07:22:51.912 [INFO ] RequestID: b3f59284d552c610d147eb999068bed8 | 开始处理请求
2025-07-31 07:22:51.912 [INFO ] RequestID: b3f59284d552c610d147eb999068bed8 | Processing user info request for user_id: 1
2025-07-31 07:22:51.915 [INFO ] RequestID: b3f59284d552c610d147eb999068bed8 | User info retrieved from user service successfully
2025-07-31 07:22:51.915 [INFO ] RequestID: b3f59284d552c610d147eb999068bed8 | Method: 1 | URL: /api/user/1 | 处理完成，耗时: 2ms
2025-07-31 07:22:51.915 [INFO ] RequestID: b3f59284d552c610d147eb999068bed8 | Response Status: 200
2025-07-31 07:30:37.464 [INFO ] Logger shutting down
2025-07-31 07:32:18.586 [INFO ] Logger initialized. Log file: ./logs/gateway_20250731.log
2025-07-31 07:32:18.586 [INFO ] Logger initialized from config. Log file: ./logs/gateway_20250731.log
2025-07-31 07:32:18.586 [INFO ] Gateway service starting...
2025-07-31 07:32:27.375 [INFO ] RequestID: c3c6820ca680ab221728112e21a9e68f | Method: 1 | URL: /api/user/1
2025-07-31 07:32:27.375 [INFO ] RequestID: c3c6820ca680ab221728112e21a9e68f | Headers:
2025-07-31 07:32:27.375 [INFO ]   Connection: keep-alive
2025-07-31 07:32:27.375 [INFO ]   Accept-Encoding: gzip, deflate, br
2025-07-31 07:32:27.375 [INFO ]   Host: 192.168.58.130:18080
2025-07-31 07:32:27.375 [INFO ]   Accept: */*
2025-07-31 07:32:27.375 [INFO ]   User-Agent: Apifox/1.0.0 (https://apifox.com)
2025-07-31 07:32:27.375 [INFO ] RequestID: c3c6820ca680ab221728112e21a9e68f | 开始处理请求
2025-07-31 07:32:27.375 [INFO ] ApiService 初始化开始
2025-07-31 07:32:27.375 [INFO ] RequestID: c3c6820ca680ab221728112e21a9e68f | Processing user info request for user_id: 1
2025-07-31 07:32:27.448 [INFO ] 收到服务上线事件: /services/user_service/192.168.58.130:50051
2025-07-31 07:32:27.448 [INFO ] 用户服务上线: /services/user_service/192.168.58.130:50051 -> {"host":"192.168.58.130","port":50051}
2025-07-31 07:32:27.450 [INFO ] 服务发现初始化成功，可用服务数: 1
2025-07-31 07:32:27.456 [INFO ] RequestID: c3c6820ca680ab221728112e21a9e68f | User info retrieved from user service successfully
2025-07-31 07:32:27.457 [INFO ] RequestID: c3c6820ca680ab221728112e21a9e68f | Method: 1 | URL: /api/user/1 | 处理完成，耗时: 81ms
2025-07-31 07:32:27.457 [INFO ] RequestID: c3c6820ca680ab221728112e21a9e68f | Response Status: 200
2025-07-31 07:32:50.029 [INFO ] RequestID: 3c6255ad14f1ff1ee3827cc3a94cb628 | Method: 1 | URL: /api/user/1
2025-07-31 07:32:50.029 [INFO ] RequestID: 3c6255ad14f1ff1ee3827cc3a94cb628 | Headers:
2025-07-31 07:32:50.029 [INFO ]   Connection: keep-alive
2025-07-31 07:32:50.030 [INFO ]   Accept-Encoding: gzip, deflate, br
2025-07-31 07:32:50.030 [INFO ]   Host: 192.168.58.130:18080
2025-07-31 07:32:50.030 [INFO ]   Accept: */*
2025-07-31 07:32:50.030 [INFO ]   User-Agent: Apifox/1.0.0 (https://apifox.com)
2025-07-31 07:32:50.030 [INFO ] RequestID: 3c6255ad14f1ff1ee3827cc3a94cb628 | 开始处理请求
2025-07-31 07:32:50.030 [INFO ] RequestID: 3c6255ad14f1ff1ee3827cc3a94cb628 | Processing user info request for user_id: 1
2025-07-31 07:32:50.032 [INFO ] RequestID: 3c6255ad14f1ff1ee3827cc3a94cb628 | User info retrieved from user service successfully
2025-07-31 07:32:50.032 [INFO ] RequestID: 3c6255ad14f1ff1ee3827cc3a94cb628 | Method: 1 | URL: /api/user/1 | 处理完成，耗时: 3ms
2025-07-31 07:32:50.032 [INFO ] RequestID: 3c6255ad14f1ff1ee3827cc3a94cb628 | Response Status: 200
2025-07-31 07:33:00.502 [INFO ] RequestID: 2a50657ed1760c0c7d06f7cbd92e9af4 | Method: 1 | URL: /api/user/1
2025-07-31 07:33:00.502 [INFO ] RequestID: 2a50657ed1760c0c7d06f7cbd92e9af4 | Headers:
2025-07-31 07:33:00.502 [INFO ]   Connection: keep-alive
2025-07-31 07:33:00.502 [INFO ]   Accept-Encoding: gzip, deflate, br
2025-07-31 07:33:00.502 [INFO ]   Host: 192.168.58.130:18080
2025-07-31 07:33:00.502 [INFO ]   Accept: */*
2025-07-31 07:33:00.502 [INFO ]   User-Agent: Apifox/1.0.0 (https://apifox.com)
2025-07-31 07:33:00.502 [INFO ] RequestID: 2a50657ed1760c0c7d06f7cbd92e9af4 | 开始处理请求
2025-07-31 07:33:00.502 [INFO ] RequestID: 2a50657ed1760c0c7d06f7cbd92e9af4 | Processing user info request for user_id: 1
2025-07-31 07:33:00.503 [INFO ] RequestID: 2a50657ed1760c0c7d06f7cbd92e9af4 | User info retrieved from user service successfully
2025-07-31 07:33:00.503 [INFO ] RequestID: 2a50657ed1760c0c7d06f7cbd92e9af4 | Method: 1 | URL: /api/user/1 | 处理完成，耗时: 1ms
2025-07-31 07:33:00.503 [INFO ] RequestID: 2a50657ed1760c0c7d06f7cbd92e9af4 | Response Status: 200
2025-07-31 07:33:14.848 [INFO ] Logger shutting down
2025-07-31 07:33:22.302 [INFO ] Logger initialized. Log file: ./logs/gateway_20250731.log
2025-07-31 07:33:22.302 [INFO ] Logger initialized from config. Log file: ./logs/gateway_20250731.log
2025-07-31 07:33:22.302 [INFO ] Gateway service starting...
2025-07-31 07:33:28.427 [INFO ] RequestID: c8ac0dbb65484821f532385005768fc6 | Method: 1 | URL: /api/user/1
2025-07-31 07:33:28.427 [INFO ] RequestID: c8ac0dbb65484821f532385005768fc6 | Headers:
2025-07-31 07:33:28.427 [INFO ]   Connection: keep-alive
2025-07-31 07:33:28.427 [INFO ]   Accept-Encoding: gzip, deflate, br
2025-07-31 07:33:28.427 [INFO ]   Host: 192.168.58.130:18080
2025-07-31 07:33:28.427 [INFO ]   Accept: */*
2025-07-31 07:33:28.427 [INFO ]   User-Agent: Apifox/1.0.0 (https://apifox.com)
2025-07-31 07:33:28.427 [INFO ] RequestID: c8ac0dbb65484821f532385005768fc6 | 开始处理请求
2025-07-31 07:33:28.427 [INFO ] ApiService 初始化开始
2025-07-31 07:33:28.428 [INFO ] RequestID: c8ac0dbb65484821f532385005768fc6 | Processing user info request for user_id: 1
2025-07-31 07:33:28.456 [INFO ] 收到服务上线事件: /services/user_service/192.168.58.130:50051
2025-07-31 07:33:28.456 [INFO ] 用户服务上线: /services/user_service/192.168.58.130:50051 -> {"host":"192.168.58.130","port":50051}
2025-07-31 07:33:28.458 [INFO ] 服务发现初始化成功，可用服务数: 1
2025-07-31 07:33:28.502 [INFO ] RequestID: c8ac0dbb65484821f532385005768fc6 | User info retrieved from user service successfully
2025-07-31 07:33:28.503 [INFO ] RequestID: c8ac0dbb65484821f532385005768fc6 | Method: 1 | URL: /api/user/1 | 处理完成，耗时: 76ms
2025-07-31 07:33:28.503 [INFO ] RequestID: c8ac0dbb65484821f532385005768fc6 | Response Status: 200
2025-07-31 07:35:07.579 [INFO ] Logger shutting down
2025-07-31 07:35:37.254 [INFO ] Logger initialized. Log file: ./logs/gateway_20250731.log
2025-07-31 07:35:37.254 [INFO ] Logger initialized from config. Log file: ./logs/gateway_20250731.log
2025-07-31 07:35:37.254 [INFO ] Gateway service starting...
2025-07-31 07:35:42.400 [INFO ] RequestID: c229ed0ff3b14f89128a4ef442b7e8a5 | Method: 1 | URL: /api/user/1
2025-07-31 07:35:42.400 [INFO ] RequestID: c229ed0ff3b14f89128a4ef442b7e8a5 | Headers:
2025-07-31 07:35:42.400 [INFO ]   Connection: keep-alive
2025-07-31 07:35:42.400 [INFO ]   Accept-Encoding: gzip, deflate, br
2025-07-31 07:35:42.400 [INFO ]   Host: 192.168.58.130:18080
2025-07-31 07:35:42.400 [INFO ]   Accept: */*
2025-07-31 07:35:42.400 [INFO ]   User-Agent: Apifox/1.0.0 (https://apifox.com)
2025-07-31 07:35:42.400 [INFO ] RequestID: c229ed0ff3b14f89128a4ef442b7e8a5 | 开始处理请求
2025-07-31 07:35:42.400 [INFO ] ApiService 初始化开始
2025-07-31 07:35:42.400 [INFO ] RequestID: c229ed0ff3b14f89128a4ef442b7e8a5 | Processing user info request for user_id: 1
2025-07-31 07:35:42.408 [INFO ] 收到服务上线事件: /services/user_service/192.168.58.130:50051
2025-07-31 07:35:42.408 [INFO ] 用户服务上线: /services/user_service/192.168.58.130:50051 -> {"host":"192.168.58.130","port":50051}
2025-07-31 07:35:42.409 [INFO ] 服务发现初始化成功，可用服务数: 1
2025-07-31 07:35:42.413 [INFO ] RequestID: c229ed0ff3b14f89128a4ef442b7e8a5 | User info retrieved from user service successfully
2025-07-31 07:35:42.413 [INFO ] RequestID: c229ed0ff3b14f89128a4ef442b7e8a5 | Method: 1 | URL: /api/user/1 | 处理完成，耗时: 13ms
2025-07-31 07:35:42.413 [INFO ] RequestID: c229ed0ff3b14f89128a4ef442b7e8a5 | Response Status: 200
